<?xml version="1.0" encoding="UTF-8"?>
<!-- Generated by org.testng.reporters.JUnitReportReporter -->
<testsuite hostname="Salenium-06" failures="0" tests="2" name="com.TestCases.WebOrderLogin" time="32.827" errors="0" timestamp="2022-09-27T19:37:55 IST" skipped="0">
  <testcase classname="com.TestCases.WebOrderLogin" name="TC_001" time="4.500"/>
  <system-out/>
  <testcase classname="com.TestCases.WebOrderLogin" name="TC_002" time="28.327"/>
  <system-out/>
</testsuite> <!-- com.TestCases.WebOrderLogin -->
