<?xml version="1.0" encoding="UTF-8"?>
<!-- Generated by org.testng.reporters.JUnitReportReporter -->
<testsuite hostname="Salenium-06" failures="0" tests="1" name="com.TestCases.WebOrderLogin_usingExclel" time="10.010" errors="0" timestamp="2022-09-27T22:33:11 IST" skipped="0">
  <testcase classname="com.TestCases.WebOrderLogin_usingExclel" name="testLogin" time="10.010"/>
  <system-out/>
</testsuite> <!-- com.TestCases.WebOrderLogin_usingExclel -->
